#
# There is insufficient memory for the Java Runtime Environment to continue.
# Native memory allocation (malloc) failed to allocate 204640 bytes for Chunk::new
# Possible reasons:
#   The system is out of physical RAM or swap space
#   The process is running with CompressedOops enabled, and the Java Heap may be blocking the growth of the native heap
# Possible solutions:
#   Reduce memory load on the system
#   Increase physical memory or swap space
#   Check if swap backing store is full
#   Decrease Java heap size (-Xmx/-Xms)
#   Decrease number of Java threads
#   Decrease Java thread stack sizes (-Xss)
#   Set larger code cache with -XX:ReservedCodeCacheSize=
#   JVM is running with Unscaled Compressed Oops mode in which the Java heap is
#     placed in the first 4GB address space. The Java Heap base address is the
#     maximum limit for the native heap growth. Please use -XX:HeapBaseMinAddress
#     to set the Java Heap base and to place the Java Heap above 4GB virtual address.
# This output file may be truncated or incomplete.
#
#  Out of Memory Error (allocation.cpp:389), pid=14876, tid=0x0000000000000bf4
#
# JRE version: Java(TM) SE Runtime Environment (8.0_241-b07) (build 1.8.0_241-b07)
# Java VM: Java HotSpot(TM) 64-Bit Server VM (25.241-b07 mixed mode windows-amd64 compressed oops)
# Failed to write core dump. Minidumps are not enabled by default on client versions of Windows
#

---------------  T H R E A D  ---------------

Current thread (0x00000000140b7800):  JavaThread "C2 CompilerThread0" daemon [_thread_in_native, id=3060, stack(0x0000000015700000,0x0000000015800000)]

Stack: [0x0000000015700000,0x0000000015800000]
[error occurred during error reporting (printing stack bounds), id 0xc0000005]

Native frames: (J=compiled Java code, j=interpreted, Vv=VM code, C=native code)


Current CompileTask:
C2:   3465 2624       4       java.util.AbstractCollection::addAll (42 bytes)


---------------  P R O C E S S  ---------------

Java Threads: ( => current thread )
  0x0000000017ed4800 JavaThread "jar transforms Thread 2" [_thread_blocked, id=1728, stack(0x000000001d230000,0x000000001d330000)]
  0x0000000017ed2800 JavaThread "jar transforms" [_thread_blocked, id=9956, stack(0x000000001d130000,0x000000001d230000)]
  0x0000000017ed7800 JavaThread "Cache worker for execution history cache (C:\Users\admin\.gradle\caches\7.6\executionHistory)" [_thread_blocked, id=7184, stack(0x000000001ce30000,0x000000001cf30000)]
  0x0000000016115800 JavaThread "Cache worker for cache directory md-supplier (C:\Users\admin\.gradle\caches\7.6\md-supplier)" [_thread_blocked, id=1884, stack(0x000000001cd30000,0x000000001ce30000)]
  0x0000000016113800 JavaThread "Cache worker for file hash cache (D:\codegym\ho_thi_nuong_mdl5\connect_exam\.gradle\7.6\fileHashes)" [_thread_blocked, id=14412, stack(0x000000001cc30000,0x000000001cd30000)]
  0x0000000016118000 JavaThread "Cache worker for file content cache (C:\Users\admin\.gradle\caches\7.6\fileContent)" [_thread_blocked, id=6528, stack(0x000000001cb30000,0x000000001cc30000)]
  0x0000000016112800 JavaThread "Cache worker for cache directory md-rule (C:\Users\admin\.gradle\caches\7.6\md-rule)" [_thread_blocked, id=11736, stack(0x000000001ca30000,0x000000001cb30000)]
  0x0000000016116800 JavaThread "Cache worker for checksums cache (D:\codegym\ho_thi_nuong_mdl5\connect_exam\.gradle\7.6\checksums)" [_thread_blocked, id=14324, stack(0x000000001c730000,0x000000001c830000)]
  0x0000000016111000 JavaThread "File watcher consumer" daemon [_thread_blocked, id=10140, stack(0x000000001c630000,0x000000001c730000)]
  0x0000000016115000 JavaThread "File watcher server" daemon [_thread_in_native, id=6988, stack(0x000000001c0d0000,0x000000001c1d0000)]
  0x0000000016112000 JavaThread "Cache worker for file hash cache (C:\Users\admin\.gradle\caches\7.6\fileHashes)" [_thread_blocked, id=15024, stack(0x000000001ae00000,0x000000001af00000)]
  0x0000000016117000 JavaThread "File lock request listener" [_thread_in_native, id=9464, stack(0x0000000019b30000,0x0000000019c30000)]
  0x0000000016114000 JavaThread "Cache worker for journal cache (C:\Users\admin\.gradle\caches\journal-1)" [_thread_blocked, id=14136, stack(0x0000000019a30000,0x0000000019b30000)]
  0x0000000017d2e000 JavaThread "Daemon client event forwarder" [_thread_blocked, id=7224, stack(0x0000000019930000,0x0000000019a30000)]
  0x0000000017d4b800 JavaThread "Stdin handler" [_thread_blocked, id=10880, stack(0x0000000019830000,0x0000000019930000)]
  0x0000000017c21000 JavaThread "Asynchronous log dispatcher for DefaultDaemonConnection: socket connection from /127.0.0.1:50426 to /127.0.0.1:50427" [_thread_blocked, id=9884, stack(0x0000000019730000,0x0000000019830000)]
  0x0000000017c1c000 JavaThread "Daemon worker" [_thread_in_Java, id=7792, stack(0x0000000019630000,0x0000000019730000)]
  0x0000000017cb4000 JavaThread "Cancel handler" [_thread_blocked, id=2276, stack(0x0000000019530000,0x0000000019630000)]
  0x0000000017ba1000 JavaThread "Handler for socket connection from /127.0.0.1:50426 to /127.0.0.1:50427" [_thread_in_native, id=7016, stack(0x0000000019430000,0x0000000019530000)]
  0x0000000017b9b000 JavaThread "Daemon" [_thread_blocked, id=15172, stack(0x0000000019330000,0x0000000019430000)]
  0x0000000017b8c000 JavaThread "Daemon periodic checks" [_thread_blocked, id=4956, stack(0x0000000019230000,0x0000000019330000)]
  0x0000000017b8a800 JavaThread "Incoming local TCP Connector on port 50426" [_thread_in_native, id=4760, stack(0x0000000018de0000,0x0000000018ee0000)]
  0x0000000017acd800 JavaThread "Daemon health stats" [_thread_blocked, id=8560, stack(0x00000000189a0000,0x0000000018aa0000)]
  0x0000000015a38800 JavaThread "Service Thread" daemon [_thread_blocked, id=12940, stack(0x0000000015e00000,0x0000000015f00000)]
  0x00000000140be000 JavaThread "C1 CompilerThread2" daemon [_thread_blocked, id=7008, stack(0x0000000015900000,0x0000000015a00000)]
  0x00000000140ba800 JavaThread "C2 CompilerThread1" daemon [_thread_in_native, id=10592, stack(0x0000000015800000,0x0000000015900000)]
=>0x00000000140b7800 JavaThread "C2 CompilerThread0" daemon [_thread_in_native, id=3060, stack(0x0000000015700000,0x0000000015800000)]
  0x00000000140b5800 JavaThread "Attach Listener" daemon [_thread_blocked, id=3404, stack(0x0000000015600000,0x0000000015700000)]
  0x00000000140b2800 JavaThread "Signal Dispatcher" daemon [_thread_blocked, id=11860, stack(0x0000000015500000,0x0000000015600000)]
  0x0000000002c8b800 JavaThread "Finalizer" daemon [_thread_blocked, id=10176, stack(0x0000000015300000,0x0000000015400000)]
  0x0000000002c83000 JavaThread "Reference Handler" daemon [_thread_blocked, id=8048, stack(0x0000000015200000,0x0000000015300000)]
  0x0000000002a7d800 JavaThread "main" [_thread_blocked, id=8328, stack(0x0000000002a80000,0x0000000002b80000)]

Other Threads:
  0x0000000014077800 VMThread [stack: 0x0000000015100000,0x0000000015200000] [id=13788]
  0x0000000015a4b800 WatcherThread [stack: 0x0000000015f00000,0x0000000016000000] [id=12820]

VM state:not at safepoint (normal execution)

VM Mutex/Monitor currently owned by a thread: None

heap address: 0x00000000e0000000, size: 512 MB, Compressed Oops mode: 32-bit
Narrow klass base: 0x0000000000000000, Narrow klass shift: 3
Compressed class space size: 1073741824 Address: 0x0000000100000000

Heap:
 PSYoungGen      total 76288K, used 65226K [0x00000000f5580000, 0x00000000faa80000, 0x0000000100000000)
  eden space 65536K, 91% used [0x00000000f5580000,0x00000000f903bb60,0x00000000f9580000)
  from space 10752K, 47% used [0x00000000f9580000,0x00000000f9a76fb0,0x00000000fa000000)
  to   space 10752K, 0% used [0x00000000fa000000,0x00000000fa000000,0x00000000faa80000)
 ParOldGen       total 175104K, used 9782K [0x00000000e0000000, 0x00000000eab00000, 0x00000000f5580000)
  object space 175104K, 5% used [0x00000000e0000000,0x00000000e098d908,0x00000000eab00000)
 Metaspace       used 31936K, capacity 33388K, committed 33664K, reserved 1077248K
  class space    used 4685K, capacity 4983K, committed 4992K, reserved 1048576K

Card table byte_map: [0x0000000012050000,0x0000000012160000] byte_map_base: 0x0000000011950000

Marking Bits: (ParMarkBitMap*) 0x000000006dc0be30
 Begin Bits: [0x0000000012610000, 0x0000000012e10000)
 End Bits:   [0x0000000012e10000, 0x0000000013610000)

Polling page: 0x0000000002a20000

CodeCache: size=245760Kb used=8880Kb max_used=8880Kb free=236879Kb
 bounds [0x0000000002c90000, 0x0000000003550000, 0x0000000011c90000]
 total_blobs=3109 nmethods=2635 adapters=387
 compilation: enabled

Compilation events (10 events):
Event: 3.460 Thread 0x00000000140be000 nmethod 2631 0x000000000353b310 code [0x000000000353b520, 0x000000000353c368]
Event: 3.461 Thread 0x00000000140be000 2632       3       java.util.Arrays::asList (9 bytes)
Event: 3.461 Thread 0x00000000140be000 nmethod 2632 0x0000000003537290 code [0x0000000003537420, 0x0000000003537888]
Event: 3.461 Thread 0x00000000140be000 2633       3       java.util.Arrays$ArrayList::<init> (16 bytes)
Event: 3.461 Thread 0x00000000140be000 nmethod 2633 0x0000000003539550 code [0x00000000035396e0, 0x0000000003539ac8]
Event: 3.461 Thread 0x00000000140be000 2634       1       org.codehaus.groovy.util.SingleKeyHashMap$Entry::getKey (5 bytes)
Event: 3.461 Thread 0x00000000140be000 nmethod 2634 0x0000000003529d10 code [0x0000000003529e60, 0x0000000003529f70]
Event: 3.464 Thread 0x00000000140be000 2635       3       java.lang.Class$MethodArray::remove (39 bytes)
Event: 3.464 Thread 0x00000000140be000 nmethod 2635 0x000000000353c650 code [0x000000000353c7e0, 0x000000000353cea8]
Event: 3.464 Thread 0x00000000140be000 2636  s!   3       java.beans.PropertyDescriptor::getWriteMethod (165 bytes)

GC Heap History (10 events):
Event: 1.710 GC heap before
{Heap before GC invocations=2 (full 0):
 PSYoungGen      total 76288K, used 71451K [0x00000000f5580000, 0x00000000faa80000, 0x0000000100000000)
  eden space 65536K, 100% used [0x00000000f5580000,0x00000000f9580000,0x00000000f9580000)
  from space 10752K, 55% used [0x00000000f9580000,0x00000000f9b46c38,0x00000000fa000000)
  to   space 10752K, 0% used [0x00000000fa000000,0x00000000fa000000,0x00000000faa80000)
 ParOldGen       total 175104K, used 8K [0x00000000e0000000, 0x00000000eab00000, 0x00000000f5580000)
  object space 175104K, 0% used [0x00000000e0000000,0x00000000e0002000,0x00000000eab00000)
 Metaspace       used 13195K, capacity 13568K, committed 13824K, reserved 1060864K
  class space    used 1820K, capacity 1958K, committed 2048K, reserved 1048576K
Event: 1.719 GC heap after
Heap after GC invocations=2 (full 0):
 PSYoungGen      total 76288K, used 8695K [0x00000000f5580000, 0x00000000faa80000, 0x0000000100000000)
  eden space 65536K, 0% used [0x00000000f5580000,0x00000000f5580000,0x00000000f9580000)
  from space 10752K, 80% used [0x00000000fa000000,0x00000000fa87df90,0x00000000faa80000)
  to   space 10752K, 0% used [0x00000000f9580000,0x00000000f9580000,0x00000000fa000000)
 ParOldGen       total 175104K, used 24K [0x00000000e0000000, 0x00000000eab00000, 0x00000000f5580000)
  object space 175104K, 0% used [0x00000000e0000000,0x00000000e0006000,0x00000000eab00000)
 Metaspace       used 13195K, capacity 13568K, committed 13824K, reserved 1060864K
  class space    used 1820K, capacity 1958K, committed 2048K, reserved 1048576K
}
Event: 2.117 GC heap before
{Heap before GC invocations=3 (full 0):
 PSYoungGen      total 76288K, used 74231K [0x00000000f5580000, 0x00000000faa80000, 0x0000000100000000)
  eden space 65536K, 100% used [0x00000000f5580000,0x00000000f9580000,0x00000000f9580000)
  from space 10752K, 80% used [0x00000000fa000000,0x00000000fa87df90,0x00000000faa80000)
  to   space 10752K, 0% used [0x00000000f9580000,0x00000000f9580000,0x00000000fa000000)
 ParOldGen       total 175104K, used 24K [0x00000000e0000000, 0x00000000eab00000, 0x00000000f5580000)
  object space 175104K, 0% used [0x00000000e0000000,0x00000000e0006000,0x00000000eab00000)
 Metaspace       used 17761K, capacity 18342K, committed 18688K, reserved 1064960K
  class space    used 2566K, capacity 2727K, committed 2816K, reserved 1048576K
Event: 2.126 GC heap after
Heap after GC invocations=3 (full 0):
 PSYoungGen      total 76288K, used 10726K [0x00000000f5580000, 0x00000000faa80000, 0x0000000100000000)
  eden space 65536K, 0% used [0x00000000f5580000,0x00000000f5580000,0x00000000f9580000)
  from space 10752K, 99% used [0x00000000f9580000,0x00000000f9ff9a78,0x00000000fa000000)
  to   space 10752K, 0% used [0x00000000fa000000,0x00000000fa000000,0x00000000faa80000)
 ParOldGen       total 175104K, used 94K [0x00000000e0000000, 0x00000000eab00000, 0x00000000f5580000)
  object space 175104K, 0% used [0x00000000e0000000,0x00000000e0017930,0x00000000eab00000)
 Metaspace       used 17761K, capacity 18342K, committed 18688K, reserved 1064960K
  class space    used 2566K, capacity 2727K, committed 2816K, reserved 1048576K
}
Event: 2.355 GC heap before
{Heap before GC invocations=4 (full 0):
 PSYoungGen      total 76288K, used 55252K [0x00000000f5580000, 0x00000000faa80000, 0x0000000100000000)
  eden space 65536K, 67% used [0x00000000f5580000,0x00000000f80fb6a8,0x00000000f9580000)
  from space 10752K, 99% used [0x00000000f9580000,0x00000000f9ff9a78,0x00000000fa000000)
  to   space 10752K, 0% used [0x00000000fa000000,0x00000000fa000000,0x00000000faa80000)
 ParOldGen       total 175104K, used 94K [0x00000000e0000000, 0x00000000eab00000, 0x00000000f5580000)
  object space 175104K, 0% used [0x00000000e0000000,0x00000000e0017930,0x00000000eab00000)
 Metaspace       used 20333K, capacity 21094K, committed 21248K, reserved 1067008K
  class space    used 3000K, capacity 3207K, committed 3328K, reserved 1048576K
Event: 2.363 GC heap after
Heap after GC invocations=4 (full 0):
 PSYoungGen      total 76288K, used 9998K [0x00000000f5580000, 0x00000000faa80000, 0x0000000100000000)
  eden space 65536K, 0% used [0x00000000f5580000,0x00000000f5580000,0x00000000f9580000)
  from space 10752K, 92% used [0x00000000fa000000,0x00000000fa9c3ad8,0x00000000faa80000)
  to   space 10752K, 0% used [0x00000000f9580000,0x00000000f9580000,0x00000000fa000000)
 ParOldGen       total 175104K, used 102K [0x00000000e0000000, 0x00000000eab00000, 0x00000000f5580000)
  object space 175104K, 0% used [0x00000000e0000000,0x00000000e0019930,0x00000000eab00000)
 Metaspace       used 20333K, capacity 21094K, committed 21248K, reserved 1067008K
  class space    used 3000K, capacity 3207K, committed 3328K, reserved 1048576K
}
Event: 2.363 GC heap before
{Heap before GC invocations=5 (full 1):
 PSYoungGen      total 76288K, used 9998K [0x00000000f5580000, 0x00000000faa80000, 0x0000000100000000)
  eden space 65536K, 0% used [0x00000000f5580000,0x00000000f5580000,0x00000000f9580000)
  from space 10752K, 92% used [0x00000000fa000000,0x00000000fa9c3ad8,0x00000000faa80000)
  to   space 10752K, 0% used [0x00000000f9580000,0x00000000f9580000,0x00000000fa000000)
 ParOldGen       total 175104K, used 102K [0x00000000e0000000, 0x00000000eab00000, 0x00000000f5580000)
  object space 175104K, 0% used [0x00000000e0000000,0x00000000e0019930,0x00000000eab00000)
 Metaspace       used 20333K, capacity 21094K, committed 21248K, reserved 1067008K
  class space    used 3000K, capacity 3207K, committed 3328K, reserved 1048576K
Event: 2.391 GC heap after
Heap after GC invocations=5 (full 1):
 PSYoungGen      total 76288K, used 0K [0x00000000f5580000, 0x00000000faa80000, 0x0000000100000000)
  eden space 65536K, 0% used [0x00000000f5580000,0x00000000f5580000,0x00000000f9580000)
  from space 10752K, 0% used [0x00000000fa000000,0x00000000fa000000,0x00000000faa80000)
  to   space 10752K, 0% used [0x00000000f9580000,0x00000000f9580000,0x00000000fa000000)
 ParOldGen       total 175104K, used 9774K [0x00000000e0000000, 0x00000000eab00000, 0x00000000f5580000)
  object space 175104K, 5% used [0x00000000e0000000,0x00000000e098b908,0x00000000eab00000)
 Metaspace       used 20333K, capacity 21094K, committed 21248K, reserved 1067008K
  class space    used 3000K, capacity 3207K, committed 3328K, reserved 1048576K
}
Event: 2.813 GC heap before
{Heap before GC invocations=6 (full 1):
 PSYoungGen      total 76288K, used 65536K [0x00000000f5580000, 0x00000000faa80000, 0x0000000100000000)
  eden space 65536K, 100% used [0x00000000f5580000,0x00000000f9580000,0x00000000f9580000)
  from space 10752K, 0% used [0x00000000fa000000,0x00000000fa000000,0x00000000faa80000)
  to   space 10752K, 0% used [0x00000000f9580000,0x00000000f9580000,0x00000000fa000000)
 ParOldGen       total 175104K, used 9774K [0x00000000e0000000, 0x00000000eab00000, 0x00000000f5580000)
  object space 175104K, 5% used [0x00000000e0000000,0x00000000e098b908,0x00000000eab00000)
 Metaspace       used 24422K, capacity 25526K, committed 25728K, reserved 1071104K
  class space    used 3669K, capacity 3943K, committed 3968K, reserved 1048576K
Event: 2.816 GC heap after
Heap after GC invocations=6 (full 1):
 PSYoungGen      total 76288K, used 5083K [0x00000000f5580000, 0x00000000faa80000, 0x0000000100000000)
  eden space 65536K, 0% used [0x00000000f5580000,0x00000000f5580000,0x00000000f9580000)
  from space 10752K, 47% used [0x00000000f9580000,0x00000000f9a76fb0,0x00000000fa000000)
  to   space 10752K, 0% used [0x00000000fa000000,0x00000000fa000000,0x00000000faa80000)
 ParOldGen       total 175104K, used 9782K [0x00000000e0000000, 0x00000000eab00000, 0x00000000f5580000)
  object space 175104K, 5% used [0x00000000e0000000,0x00000000e098d908,0x00000000eab00000)
 Metaspace       used 24422K, capacity 25526K, committed 25728K, reserved 1071104K
  class space    used 3669K, capacity 3943K, committed 3968K, reserved 1048576K
}

Deoptimization events (10 events):
Event: 2.338 Thread 0x0000000017c1c000 Uncommon trap: reason=array_check action=maybe_recompile pc=0x000000000324fe48 method=java.util.AbstractCollection.toArray([Ljava/lang/Object;)[Ljava/lang/Object; @ 119
Event: 2.346 Thread 0x0000000017c1c000 Uncommon trap: reason=array_check action=maybe_recompile pc=0x000000000324fe48 method=java.util.AbstractCollection.toArray([Ljava/lang/Object;)[Ljava/lang/Object; @ 119
Event: 2.346 Thread 0x0000000017c1c000 Uncommon trap: reason=array_check action=maybe_recompile pc=0x000000000324fe48 method=java.util.AbstractCollection.toArray([Ljava/lang/Object;)[Ljava/lang/Object; @ 119
Event: 2.463 Thread 0x0000000017c1c000 Uncommon trap: reason=predicate action=maybe_recompile pc=0x0000000003304598 method=com.google.common.base.CharMatcher.indexIn(Ljava/lang/CharSequence;I)I @ 22
Event: 2.729 Thread 0x0000000017c1c000 Uncommon trap: reason=unstable_if action=reinterpret pc=0x00000000031a9980 method=java.util.HashMap.hash(Ljava/lang/Object;)I @ 1
Event: 2.729 Thread 0x0000000017c1c000 Uncommon trap: reason=unstable_if action=reinterpret pc=0x00000000031c7d28 method=java.util.HashMap.hash(Ljava/lang/Object;)I @ 1
Event: 3.069 Thread 0x0000000017c1c000 Uncommon trap: reason=unstable_if action=reinterpret pc=0x000000000325a194 method=java.net.URLClassLoader.defineClass(Ljava/lang/String;Lsun/misc/Resource;)Ljava/lang/Class; @ 21
Event: 3.070 Thread 0x0000000017c1c000 Uncommon trap: reason=unstable_if action=reinterpret pc=0x00000000031db214 method=java.lang.ClassLoader.getClassLoadingLock(Ljava/lang/String;)Ljava/lang/Object; @ 6
Event: 3.167 Thread 0x0000000017c1c000 Uncommon trap: reason=unstable_if action=reinterpret pc=0x0000000002fe84e0 method=sun.misc.MetaIndex.mayContain(Ljava/lang/String;)Z @ 38
Event: 3.363 Thread 0x0000000017c1c000 Uncommon trap: reason=unstable_if action=reinterpret pc=0x00000000030bf838 method=sun.misc.URLClassPath$JarLoader.getResource(Ljava/lang/String;ZLjava/util/Set;)Lsun/misc/Resource; @ 17

Classes redefined (0 events):
No events

Internal exceptions (10 events):
Event: 3.408 Thread 0x0000000017c1c000 Exception <a 'java/lang/ClassNotFoundException': org/gradle/groovy/scripts/BasicScriptCustomizer> (0x00000000f8b0e8c8) thrown at [C:\ade\jenkins\workspace\8-2-build-windows-amd64-cygwin\jdk8u241\331\hotspot\src\share\vm\classfile\systemDictionary.cpp, lin
Event: 3.409 Thread 0x0000000017c1c000 Exception <a 'java/lang/ClassNotFoundException': org/gradle/groovy/scripts/DefaultScriptCustomizer> (0x00000000f8b3d718) thrown at [C:\ade\jenkins\workspace\8-2-build-windows-amd64-cygwin\jdk8u241\331\hotspot\src\share\vm\classfile\systemDictionary.cpp, l
Event: 3.410 Thread 0x0000000017c1c000 Exception <a 'java/lang/ClassNotFoundException': org/gradle/initialization/InitScriptCustomizer> (0x00000000f8b7fcc8) thrown at [C:\ade\jenkins\workspace\8-2-build-windows-amd64-cygwin\jdk8u241\331\hotspot\src\share\vm\classfile\systemDictionary.cpp, line
Event: 3.411 Thread 0x0000000017c1c000 Exception <a 'java/lang/ClassNotFoundException': ijmapper_3774xwgw3s17twclxm1577ahbCustomizer> (0x00000000f8b98ad0) thrown at [C:\ade\jenkins\workspace\8-2-build-windows-amd64-cygwin\jdk8u241\331\hotspot\src\share\vm\classfile\systemDictionary.cpp, line 2
Event: 3.419 Thread 0x0000000017c1c000 Exception <a 'java/lang/ClassNotFoundException': org/gradle/internal/extensibility/DefaultExtraPropertiesExtensionBeanInfo> (0x00000000f8cee978) thrown at [C:\ade\jenkins\workspace\8-2-build-windows-amd64-cygwin\jdk8u241\331\hotspot\src\share\vm\classfile
Event: 3.419 Thread 0x0000000017c1c000 Exception <a 'java/lang/ClassNotFoundException': org/gradle/internal/extensibility/DefaultExtraPropertiesExtensionCustomizer> (0x00000000f8d1b160) thrown at [C:\ade\jenkins\workspace\8-2-build-windows-amd64-cygwin\jdk8u241\331\hotspot\src\share\vm\classfi
Event: 3.462 Thread 0x0000000017c1c000 Exception <a 'java/lang/ClassNotFoundException': org/gradle/invocation/DefaultGradle_DecoratedBeanInfo> (0x00000000f8f4a398) thrown at [C:\ade\jenkins\workspace\8-2-build-windows-amd64-cygwin\jdk8u241\331\hotspot\src\share\vm\classfile\systemDictionary.cp
Event: 3.463 Thread 0x0000000017c1c000 Exception <a 'java/lang/ClassNotFoundException': org/gradle/invocation/DefaultGradleBeanInfo> (0x00000000f8f7b950) thrown at [C:\ade\jenkins\workspace\8-2-build-windows-amd64-cygwin\jdk8u241\331\hotspot\src\share\vm\classfile\systemDictionary.cpp, line 21
Event: 3.463 Thread 0x0000000017c1c000 Exception <a 'java/lang/ClassNotFoundException': org/gradle/api/internal/project/AbstractPluginAwareBeanInfo> (0x00000000f8fb7828) thrown at [C:\ade\jenkins\workspace\8-2-build-windows-amd64-cygwin\jdk8u241\331\hotspot\src\share\vm\classfile\systemDiction
Event: 3.464 Thread 0x0000000017c1c000 Exception <a 'java/lang/ClassNotFoundException': org/gradle/api/internal/project/AbstractPluginAwareCustomizer> (0x00000000f8ff4468) thrown at [C:\ade\jenkins\workspace\8-2-build-windows-amd64-cygwin\jdk8u241\331\hotspot\src\share\vm\classfile\systemDicti

Events (10 events):
Event: 3.463 loading class org/gradle/api/internal/project/AbstractPluginAwareBeanInfo
Event: 3.463 loading class org/gradle/api/internal/project/AbstractPluginAwareBeanInfo done
Event: 3.463 loading class org/gradle/api/internal/project/AbstractPluginAwareCustomizer
Event: 3.463 loading class org/gradle/api/internal/project/AbstractPluginAwareCustomizer done
Event: 3.463 loading class org/gradle/api/internal/project/AbstractPluginAwareCustomizer
Event: 3.463 loading class org/gradle/api/internal/project/AbstractPluginAwareCustomizer done
Event: 3.463 loading class org/gradle/api/internal/project/AbstractPluginAwareCustomizer
Event: 3.463 loading class org/gradle/api/internal/project/AbstractPluginAwareCustomizer done
Event: 3.464 loading class org/gradle/api/internal/project/AbstractPluginAwareCustomizer
Event: 3.464 loading class org/gradle/api/internal/project/AbstractPluginAwareCustomizer done


Dynamic libraries:
0x00007ff70cf50000 - 0x00007ff70cf87000 	C:\Program Files\Java\jdk1.8.0_241\bin\java.exe
0x00007ffa578d0000 - 0x00007ffa57ae4000 	C:\WINDOWS\SYSTEM32\ntdll.dll
0x00007ffa56e70000 - 0x00007ffa56f33000 	C:\WINDOWS\System32\KERNEL32.DLL
0x00007ffa550d0000 - 0x00007ffa5546c000 	C:\WINDOWS\System32\KERNELBASE.dll
0x00007ffa571d0000 - 0x00007ffa5727e000 	C:\WINDOWS\System32\ADVAPI32.dll
0x00007ffa56440000 - 0x00007ffa564e7000 	C:\WINDOWS\System32\msvcrt.dll
0x00007ffa565b0000 - 0x00007ffa56654000 	C:\WINDOWS\System32\sechost.dll
0x00007ffa559d0000 - 0x00007ffa55ae5000 	C:\WINDOWS\System32\RPCRT4.dll
0x00007ffa56ae0000 - 0x00007ffa56c8d000 	C:\WINDOWS\System32\USER32.dll
0x00007ffa55510000 - 0x00007ffa55536000 	C:\WINDOWS\System32\win32u.dll
0x00007ffa57290000 - 0x00007ffa572b9000 	C:\WINDOWS\System32\GDI32.dll
0x00007ffa54f40000 - 0x00007ffa55052000 	C:\WINDOWS\System32\gdi32full.dll
0x00007ffa55470000 - 0x00007ffa5550a000 	C:\WINDOWS\System32\msvcp_win.dll
0x00007ffa55540000 - 0x00007ffa55651000 	C:\WINDOWS\System32\ucrtbase.dll
0x00007ffa53ee0000 - 0x00007ffa5416e000 	C:\WINDOWS\WinSxS\amd64_microsoft.windows.common-controls_6595b64144ccf1df_6.0.22621.608_none_a9444ca7c10bb01d\COMCTL32.dll
0x00007ffa56570000 - 0x00007ffa565a2000 	C:\WINDOWS\System32\IMM32.DLL
0x000000006dc90000 - 0x000000006dd62000 	C:\Program Files\Java\jdk1.8.0_241\jre\bin\msvcr100.dll
0x000000006d3e0000 - 0x000000006dc8c000 	C:\Program Files\Java\jdk1.8.0_241\jre\bin\server\jvm.dll
0x00007ffa55af0000 - 0x00007ffa55af8000 	C:\WINDOWS\System32\PSAPI.DLL
0x00007ffa4d520000 - 0x00007ffa4d52a000 	C:\WINDOWS\SYSTEM32\VERSION.dll
0x00007ffa4e7c0000 - 0x00007ffa4e7f4000 	C:\WINDOWS\SYSTEM32\WINMM.dll
0x00007ffa41c30000 - 0x00007ffa41c39000 	C:\WINDOWS\SYSTEM32\WSOCK32.dll
0x00007ffa55bd0000 - 0x00007ffa55c41000 	C:\WINDOWS\System32\WS2_32.dll
0x00007ffa4ff00000 - 0x00007ffa4ff0f000 	C:\Program Files\Java\jdk1.8.0_241\jre\bin\verify.dll
0x00007ffa381c0000 - 0x00007ffa381e9000 	C:\Program Files\Java\jdk1.8.0_241\jre\bin\java.dll
0x00007ffa4e900000 - 0x00007ffa4e916000 	C:\Program Files\Java\jdk1.8.0_241\jre\bin\zip.dll
0x00007ffa55c50000 - 0x00007ffa5643f000 	C:\WINDOWS\System32\SHELL32.dll
0x00007ffa52680000 - 0x00007ffa52f48000 	C:\WINDOWS\SYSTEM32\windows.storage.dll
0x00007ffa57370000 - 0x00007ffa576fa000 	C:\WINDOWS\System32\combase.dll
0x00007ffa52540000 - 0x00007ffa5267e000 	C:\WINDOWS\SYSTEM32\wintypes.dll
0x00007ffa56c90000 - 0x00007ffa56d81000 	C:\WINDOWS\System32\SHCORE.dll
0x00007ffa56510000 - 0x00007ffa5656e000 	C:\WINDOWS\System32\shlwapi.dll
0x00007ffa54c40000 - 0x00007ffa54c61000 	C:\WINDOWS\SYSTEM32\profapi.dll
0x00007ffa381a0000 - 0x00007ffa381ba000 	C:\Program Files\Java\jdk1.8.0_241\jre\bin\net.dll
0x00007ffa53b30000 - 0x00007ffa53b99000 	C:\WINDOWS\system32\mswsock.dll
0x00007ffa38180000 - 0x00007ffa38192000 	C:\Program Files\Java\jdk1.8.0_241\jre\bin\nio.dll
0x00007ffa45b40000 - 0x00007ffa45b67000 	C:\Users\admin\.gradle\native\68d5fa5c4cc2d200863cafc0d521ce42e7d3e7ee720ec0a83991735586a16f82\windows-amd64\native-platform.dll
0x00007ffa38030000 - 0x00007ffa38174000 	C:\Users\admin\.gradle\native\e376f236ea51e6404a007f0833ffe2c6e607c4080706a723a18a27aeea778392\windows-amd64\native-platform-file-events.dll
0x00007ffa45b30000 - 0x00007ffa45b3d000 	C:\Program Files\Java\jdk1.8.0_241\jre\bin\management.dll
0x00007ffa549a0000 - 0x00007ffa549bb000 	C:\WINDOWS\SYSTEM32\CRYPTSP.dll
0x00007ffa53690000 - 0x00007ffa536c5000 	C:\WINDOWS\system32\rsaenh.dll
0x00007ffa53de0000 - 0x00007ffa53e08000 	C:\WINDOWS\SYSTEM32\USERENV.dll
0x00007ffa545c0000 - 0x00007ffa545e8000 	C:\WINDOWS\SYSTEM32\bcrypt.dll
0x00007ffa55660000 - 0x00007ffa556db000 	C:\WINDOWS\System32\bcryptprimitives.dll
0x00007ffa53e10000 - 0x00007ffa53e1c000 	C:\WINDOWS\SYSTEM32\CRYPTBASE.dll
0x00007ffa53210000 - 0x00007ffa5323d000 	C:\WINDOWS\SYSTEM32\IPHLPAPI.DLL
0x00007ffa571c0000 - 0x00007ffa571c9000 	C:\WINDOWS\System32\NSI.dll
0x00007ffa4bb70000 - 0x00007ffa4bb89000 	C:\WINDOWS\SYSTEM32\dhcpcsvc6.DLL
0x00007ffa4bb50000 - 0x00007ffa4bb6f000 	C:\WINDOWS\SYSTEM32\dhcpcsvc.DLL
0x00007ffa53280000 - 0x00007ffa53373000 	C:\WINDOWS\SYSTEM32\DNSAPI.dll

VM Arguments:
jvm_args: -XX:MaxMetaspaceSize=256m -XX:+HeapDumpOnOutOfMemoryError -Xms256m -Xmx512m -Dfile.encoding=windows-1252 -Duser.country=US -Duser.language=en -Duser.variant 
java_command: org.gradle.launcher.daemon.bootstrap.GradleDaemon 7.6
java_class_path (initial): C:\Users\admin\.gradle\wrapper\dists\gradle-7.6-bin\9l9tetv7ltxvx3i8an4pb86ye\gradle-7.6\lib\gradle-launcher-7.6.jar
Launcher Type: SUN_STANDARD

Environment Variables:
PATH=C:\Program Files (x86)\Common Files\Oracle\Java\javapath;C:\WINDOWS\system32;C:\WINDOWS;C:\WINDOWS\System32\Wbem;C:\WINDOWS\System32\WindowsPowerShell\v1.0\;C:\WINDOWS\System32\OpenSSH\;C:\Program Files\Git\cmd;C:\Program Files\nodejs\;C:\Users\admin\AppData\Local\Programs\Python\Python37\Scripts\;C:\Users\admin\AppData\Local\Programs\Python\Python37\;C:\Users\admin\AppData\Local\Microsoft\WindowsApps;;C:\Users\admin\AppData\Local\Programs\Microsoft VS Code\bin;C:\Users\admin\AppData\Roaming\npm
USERNAME=admin
OS=Windows_NT
PROCESSOR_IDENTIFIER=AMD64 Family 23 Model 96 Stepping 1, AuthenticAMD



---------------  S Y S T E M  ---------------

OS: Windows 10.0 , 64 bit Build 22621 (10.0.22621.1194)

CPU:total 4 (initial active 4) (4 cores per cpu, 1 threads per core) family 23 model 96 stepping 1, cmov, cx8, fxsr, mmx, sse, sse2, sse3, ssse3, sse4.1, sse4.2, popcnt, avx, avx2, aes, clmul, mmxext, 3dnowpref, lzcnt, sse4a, tsc, tscinvbit, tscinv, bmi1

Memory: 4k page, physical 7781956k(380952k free), swap 11976260k(1300k free)

vm_info: Java HotSpot(TM) 64-Bit Server VM (25.241-b07) for windows-amd64 JRE (1.8.0_241-b07), built on Dec 11 2019 10:21:40 by "rejava" with MS VC++ 10.0 (VS2010)

time: Fri Feb 17 17:28:58 2023
timezone: SE Asia Standard Time
elapsed time: 3 seconds (0d 0h 0m 3s)

