#
# There is insufficient memory for the Java Runtime Environment to continue.
# Native memory allocation (malloc) failed to allocate 739216 bytes for Chunk::new
# Possible reasons:
#   The system is out of physical RAM or swap space
#   The process is running with CompressedOops enabled, and the Java Heap may be blocking the growth of the native heap
# Possible solutions:
#   Reduce memory load on the system
#   Increase physical memory or swap space
#   Check if swap backing store is full
#   Decrease Java heap size (-Xmx/-Xms)
#   Decrease number of Java threads
#   Decrease Java thread stack sizes (-Xss)
#   Set larger code cache with -XX:ReservedCodeCacheSize=
#   JVM is running with Unscaled Compressed Oops mode in which the Java heap is
#     placed in the first 4GB address space. The Java Heap base address is the
#     maximum limit for the native heap growth. Please use -XX:HeapBaseMinAddress
#     to set the Java Heap base and to place the Java Heap above 4GB virtual address.
# This output file may be truncated or incomplete.
#
#  Out of Memory Error (allocation.cpp:389), pid=10200, tid=0x0000000000002ecc
#
# JRE version: Java(TM) SE Runtime Environment (8.0_241-b07) (build 1.8.0_241-b07)
# Java VM: Java HotSpot(TM) 64-Bit Server VM (25.241-b07 mixed mode windows-amd64 compressed oops)
# Failed to write core dump. Minidumps are not enabled by default on client versions of Windows
#

---------------  T H R E A D  ---------------

Current thread (0x0000000014326800):  JavaThread "C2 CompilerThread0" daemon [_thread_in_native, id=11980, stack(0x00000000159a0000,0x0000000015aa0000)]

Stack: [0x00000000159a0000,0x0000000015aa0000]
[error occurred during error reporting (printing stack bounds), id 0xc0000005]

Native frames: (J=compiled Java code, j=interpreted, Vv=VM code, C=native code)


Current CompileTask:
C2:   3261 1996   !   4       java.net.URL::<init> (543 bytes)


---------------  P R O C E S S  ---------------

Java Threads: ( => current thread )
  0x0000000016076000 JavaThread "File watcher consumer" daemon [_thread_blocked, id=5812, stack(0x000000001c8d0000,0x000000001c9d0000)]
  0x0000000016072800 JavaThread "File watcher server" daemon [_thread_in_native, id=7120, stack(0x000000001c070000,0x000000001c170000)]
  0x0000000016071800 JavaThread "Cache worker for file hash cache (C:\Users\admin\.gradle\caches\7.6\fileHashes)" [_thread_blocked, id=12536, stack(0x000000001c1d0000,0x000000001c2d0000)]
  0x0000000016074800 JavaThread "File lock request listener" [_thread_in_native, id=13800, stack(0x0000000019dd0000,0x0000000019ed0000)]
  0x0000000015dbb000 JavaThread "Cache worker for journal cache (C:\Users\admin\.gradle\caches\journal-1)" [_thread_blocked, id=9092, stack(0x0000000019cd0000,0x0000000019dd0000)]
  0x0000000017fd1800 JavaThread "Daemon client event forwarder" [_thread_blocked, id=7504, stack(0x0000000019bd0000,0x0000000019cd0000)]
  0x0000000017fd0800 JavaThread "Stdin handler" [_thread_blocked, id=4432, stack(0x0000000019ad0000,0x0000000019bd0000)]
  0x0000000017fd0000 JavaThread "Asynchronous log dispatcher for DefaultDaemonConnection: socket connection from /127.0.0.1:50418 to /127.0.0.1:50419" [_thread_blocked, id=1432, stack(0x00000000199d0000,0x0000000019ad0000)]
  0x0000000017fc7800 JavaThread "Daemon worker" [_thread_in_Java, id=3724, stack(0x00000000198d0000,0x00000000199d0000)]
  0x0000000017fc7000 JavaThread "Cancel handler" [_thread_blocked, id=14560, stack(0x00000000197d0000,0x00000000198d0000)]
  0x0000000017fa0000 JavaThread "Handler for socket connection from /127.0.0.1:50418 to /127.0.0.1:50419" [_thread_in_native, id=8756, stack(0x00000000196d0000,0x00000000197d0000)]
  0x0000000017f9f800 JavaThread "Daemon" [_thread_blocked, id=12576, stack(0x00000000195d0000,0x00000000196d0000)]
  0x0000000017f29800 JavaThread "Daemon periodic checks" [_thread_blocked, id=6084, stack(0x00000000194d0000,0x00000000195d0000)]
  0x0000000017f28000 JavaThread "Incoming local TCP Connector on port 50418" [_thread_in_native, id=6780, stack(0x0000000019080000,0x0000000019180000)]
  0x0000000017e1a800 JavaThread "Daemon health stats" [_thread_blocked, id=15156, stack(0x0000000018c40000,0x0000000018d40000)]
  0x0000000015cda800 JavaThread "Service Thread" daemon [_thread_blocked, id=8020, stack(0x00000000160a0000,0x00000000161a0000)]
  0x000000001432e000 JavaThread "C1 CompilerThread2" daemon [_thread_blocked, id=9604, stack(0x0000000015ba0000,0x0000000015ca0000)]
  0x000000001432a000 JavaThread "C2 CompilerThread1" daemon [_thread_blocked, id=880, stack(0x0000000015aa0000,0x0000000015ba0000)]
=>0x0000000014326800 JavaThread "C2 CompilerThread0" daemon [_thread_in_native, id=11980, stack(0x00000000159a0000,0x0000000015aa0000)]
  0x0000000014325000 JavaThread "Attach Listener" daemon [_thread_blocked, id=7836, stack(0x00000000158a0000,0x00000000159a0000)]
  0x0000000014321800 JavaThread "Signal Dispatcher" daemon [_thread_blocked, id=4848, stack(0x00000000157a0000,0x00000000158a0000)]
  0x0000000002f5a800 JavaThread "Finalizer" daemon [_thread_blocked, id=1732, stack(0x00000000155a0000,0x00000000156a0000)]
  0x0000000002f52000 JavaThread "Reference Handler" daemon [_thread_blocked, id=6568, stack(0x00000000154a0000,0x00000000155a0000)]
  0x0000000002fad800 JavaThread "main" [_thread_blocked, id=13848, stack(0x0000000002d20000,0x0000000002e20000)]

Other Threads:
  0x00000000142e7000 VMThread [stack: 0x00000000153a0000,0x00000000154a0000] [id=3212]
  0x0000000015ceb800 WatcherThread [stack: 0x00000000161a0000,0x00000000162a0000] [id=12824]

VM state:not at safepoint (normal execution)

VM Mutex/Monitor currently owned by a thread: None

heap address: 0x00000000e0000000, size: 512 MB, Compressed Oops mode: 32-bit
Narrow klass base: 0x0000000000000000, Narrow klass shift: 3
Compressed class space size: 1073741824 Address: 0x0000000100000000

Heap:
 PSYoungGen      total 76288K, used 25953K [0x00000000f5580000, 0x00000000faa80000, 0x0000000100000000)
  eden space 65536K, 39% used [0x00000000f5580000,0x00000000f6ed8668,0x00000000f9580000)
  from space 10752K, 0% used [0x00000000fa000000,0x00000000fa000000,0x00000000faa80000)
  to   space 10752K, 0% used [0x00000000f9580000,0x00000000f9580000,0x00000000fa000000)
 ParOldGen       total 175104K, used 9755K [0x00000000e0000000, 0x00000000eab00000, 0x00000000f5580000)
  object space 175104K, 5% used [0x00000000e0000000,0x00000000e0986e10,0x00000000eab00000)
 Metaspace       used 22435K, capacity 23458K, committed 23680K, reserved 1069056K
  class space    used 3343K, capacity 3607K, committed 3712K, reserved 1048576K

Card table byte_map: [0x0000000012370000,0x0000000012480000] byte_map_base: 0x0000000011c70000

Marking Bits: (ParMarkBitMap*) 0x000000006dc0be30
 Begin Bits: [0x0000000012880000, 0x0000000013080000)
 End Bits:   [0x0000000013080000, 0x0000000013880000)

Polling page: 0x0000000001490000

CodeCache: size=245760Kb used=7136Kb max_used=7136Kb free=238623Kb
 bounds [0x0000000002fb0000, 0x00000000036b0000, 0x0000000011fb0000]
 total_blobs=2456 nmethods=2000 adapters=369
 compilation: enabled

Compilation events (10 events):
Event: 3.236 Thread 0x000000001432a000 1997       4       java.util.ArrayList::iterator (9 bytes)
Event: 3.237 Thread 0x000000001432e000 1998       3       sun.reflect.generics.repository.AbstractRepository::getReifier (8 bytes)
Event: 3.237 Thread 0x000000001432e000 nmethod 1998 0x00000000036a3290 code [0x00000000036a3400, 0x00000000036a36f0]
Event: 3.237 Thread 0x000000001432a000 nmethod 1997 0x00000000036a2fd0 code [0x00000000036a3120, 0x00000000036a31f8]
Event: 3.244 Thread 0x000000001432e000 1999   !   3       org.gradle.internal.service.DefaultServiceRegistry$FactoryService::bind (283 bytes)
Event: 3.246 Thread 0x000000001432e000 nmethod 1999 0x00000000036a68d0 code [0x00000000036a6f60, 0x00000000036ab758]
Event: 3.246 Thread 0x000000001432e000 2001       3       org.gradle.internal.service.DefaultServiceRegistry$FactoryService::assembleParameters (58 bytes)
Event: 3.246 Thread 0x000000001432e000 nmethod 2001 0x00000000036a25d0 code [0x00000000036a2780, 0x00000000036a2d68]
Event: 3.246 Thread 0x000000001432e000 2000       3       org.gradle.internal.service.DefaultServiceRegistry$FactoryService::createServiceInstance (18 bytes)
Event: 3.246 Thread 0x000000001432e000 nmethod 2000 0x00000000036a2110 code [0x00000000036a2280, 0x00000000036a24f8]

GC Heap History (10 events):
Event: 0.959 GC heap before
{Heap before GC invocations=1 (full 0):
 PSYoungGen      total 76288K, used 65536K [0x00000000f5580000, 0x00000000faa80000, 0x0000000100000000)
  eden space 65536K, 100% used [0x00000000f5580000,0x00000000f9580000,0x00000000f9580000)
  from space 10752K, 0% used [0x00000000fa000000,0x00000000fa000000,0x00000000faa80000)
  to   space 10752K, 0% used [0x00000000f9580000,0x00000000f9580000,0x00000000fa000000)
 ParOldGen       total 175104K, used 0K [0x00000000e0000000, 0x00000000eab00000, 0x00000000f5580000)
  object space 175104K, 0% used [0x00000000e0000000,0x00000000e0000000,0x00000000eab00000)
 Metaspace       used 7481K, capacity 7708K, committed 7936K, reserved 1056768K
  class space    used 944K, capacity 1020K, committed 1024K, reserved 1048576K
Event: 0.967 GC heap after
Heap after GC invocations=1 (full 0):
 PSYoungGen      total 76288K, used 5953K [0x00000000f5580000, 0x00000000faa80000, 0x0000000100000000)
  eden space 65536K, 0% used [0x00000000f5580000,0x00000000f5580000,0x00000000f9580000)
  from space 10752K, 55% used [0x00000000f9580000,0x00000000f9b50440,0x00000000fa000000)
  to   space 10752K, 0% used [0x00000000fa000000,0x00000000fa000000,0x00000000faa80000)
 ParOldGen       total 175104K, used 16K [0x00000000e0000000, 0x00000000eab00000, 0x00000000f5580000)
  object space 175104K, 0% used [0x00000000e0000000,0x00000000e0004000,0x00000000eab00000)
 Metaspace       used 7481K, capacity 7708K, committed 7936K, reserved 1056768K
  class space    used 944K, capacity 1020K, committed 1024K, reserved 1048576K
}
Event: 2.073 GC heap before
{Heap before GC invocations=2 (full 0):
 PSYoungGen      total 76288K, used 71489K [0x00000000f5580000, 0x00000000faa80000, 0x0000000100000000)
  eden space 65536K, 100% used [0x00000000f5580000,0x00000000f9580000,0x00000000f9580000)
  from space 10752K, 55% used [0x00000000f9580000,0x00000000f9b50440,0x00000000fa000000)
  to   space 10752K, 0% used [0x00000000fa000000,0x00000000fa000000,0x00000000faa80000)
 ParOldGen       total 175104K, used 16K [0x00000000e0000000, 0x00000000eab00000, 0x00000000f5580000)
  object space 175104K, 0% used [0x00000000e0000000,0x00000000e0004000,0x00000000eab00000)
 Metaspace       used 13217K, capacity 13632K, committed 13824K, reserved 1060864K
  class space    used 1820K, capacity 1958K, committed 2048K, reserved 1048576K
Event: 2.084 GC heap after
Heap after GC invocations=2 (full 0):
 PSYoungGen      total 76288K, used 8707K [0x00000000f5580000, 0x00000000faa80000, 0x0000000100000000)
  eden space 65536K, 0% used [0x00000000f5580000,0x00000000f5580000,0x00000000f9580000)
  from space 10752K, 80% used [0x00000000fa000000,0x00000000fa880f40,0x00000000faa80000)
  to   space 10752K, 0% used [0x00000000f9580000,0x00000000f9580000,0x00000000fa000000)
 ParOldGen       total 175104K, used 24K [0x00000000e0000000, 0x00000000eab00000, 0x00000000f5580000)
  object space 175104K, 0% used [0x00000000e0000000,0x00000000e0006000,0x00000000eab00000)
 Metaspace       used 13217K, capacity 13632K, committed 13824K, reserved 1060864K
  class space    used 1820K, capacity 1958K, committed 2048K, reserved 1048576K
}
Event: 2.690 GC heap before
{Heap before GC invocations=3 (full 0):
 PSYoungGen      total 76288K, used 74243K [0x00000000f5580000, 0x00000000faa80000, 0x0000000100000000)
  eden space 65536K, 100% used [0x00000000f5580000,0x00000000f9580000,0x00000000f9580000)
  from space 10752K, 80% used [0x00000000fa000000,0x00000000fa880f40,0x00000000faa80000)
  to   space 10752K, 0% used [0x00000000f9580000,0x00000000f9580000,0x00000000fa000000)
 ParOldGen       total 175104K, used 24K [0x00000000e0000000, 0x00000000eab00000, 0x00000000f5580000)
  object space 175104K, 0% used [0x00000000e0000000,0x00000000e0006000,0x00000000eab00000)
 Metaspace       used 17777K, capacity 18278K, committed 18432K, reserved 1064960K
  class space    used 2568K, capacity 2727K, committed 2816K, reserved 1048576K
Event: 2.700 GC heap after
Heap after GC invocations=3 (full 0):
 PSYoungGen      total 76288K, used 10745K [0x00000000f5580000, 0x00000000faa80000, 0x0000000100000000)
  eden space 65536K, 0% used [0x00000000f5580000,0x00000000f5580000,0x00000000f9580000)
  from space 10752K, 99% used [0x00000000f9580000,0x00000000f9ffe690,0x00000000fa000000)
  to   space 10752K, 0% used [0x00000000fa000000,0x00000000fa000000,0x00000000faa80000)
 ParOldGen       total 175104K, used 40K [0x00000000e0000000, 0x00000000eab00000, 0x00000000f5580000)
  object space 175104K, 0% used [0x00000000e0000000,0x00000000e000a000,0x00000000eab00000)
 Metaspace       used 17777K, capacity 18278K, committed 18432K, reserved 1064960K
  class space    used 2568K, capacity 2727K, committed 2816K, reserved 1048576K
}
Event: 2.978 GC heap before
{Heap before GC invocations=4 (full 0):
 PSYoungGen      total 76288K, used 54802K [0x00000000f5580000, 0x00000000faa80000, 0x0000000100000000)
  eden space 65536K, 67% used [0x00000000f5580000,0x00000000f8086520,0x00000000f9580000)
  from space 10752K, 99% used [0x00000000f9580000,0x00000000f9ffe690,0x00000000fa000000)
  to   space 10752K, 0% used [0x00000000fa000000,0x00000000fa000000,0x00000000faa80000)
 ParOldGen       total 175104K, used 40K [0x00000000e0000000, 0x00000000eab00000, 0x00000000f5580000)
  object space 175104K, 0% used [0x00000000e0000000,0x00000000e000a000,0x00000000eab00000)
 Metaspace       used 20337K, capacity 21094K, committed 21248K, reserved 1067008K
  class space    used 2998K, capacity 3207K, committed 3328K, reserved 1048576K
Event: 2.986 GC heap after
Heap after GC invocations=4 (full 0):
 PSYoungGen      total 76288K, used 10053K [0x00000000f5580000, 0x00000000faa80000, 0x0000000100000000)
  eden space 65536K, 0% used [0x00000000f5580000,0x00000000f5580000,0x00000000f9580000)
  from space 10752K, 93% used [0x00000000fa000000,0x00000000fa9d1780,0x00000000faa80000)
  to   space 10752K, 0% used [0x00000000f9580000,0x00000000f9580000,0x00000000fa000000)
 ParOldGen       total 175104K, used 48K [0x00000000e0000000, 0x00000000eab00000, 0x00000000f5580000)
  object space 175104K, 0% used [0x00000000e0000000,0x00000000e000c000,0x00000000eab00000)
 Metaspace       used 20337K, capacity 21094K, committed 21248K, reserved 1067008K
  class space    used 2998K, capacity 3207K, committed 3328K, reserved 1048576K
}
Event: 2.986 GC heap before
{Heap before GC invocations=5 (full 1):
 PSYoungGen      total 76288K, used 10053K [0x00000000f5580000, 0x00000000faa80000, 0x0000000100000000)
  eden space 65536K, 0% used [0x00000000f5580000,0x00000000f5580000,0x00000000f9580000)
  from space 10752K, 93% used [0x00000000fa000000,0x00000000fa9d1780,0x00000000faa80000)
  to   space 10752K, 0% used [0x00000000f9580000,0x00000000f9580000,0x00000000fa000000)
 ParOldGen       total 175104K, used 48K [0x00000000e0000000, 0x00000000eab00000, 0x00000000f5580000)
  object space 175104K, 0% used [0x00000000e0000000,0x00000000e000c000,0x00000000eab00000)
 Metaspace       used 20337K, capacity 21094K, committed 21248K, reserved 1067008K
  class space    used 2998K, capacity 3207K, committed 3328K, reserved 1048576K
Event: 3.017 GC heap after
Heap after GC invocations=5 (full 1):
 PSYoungGen      total 76288K, used 0K [0x00000000f5580000, 0x00000000faa80000, 0x0000000100000000)
  eden space 65536K, 0% used [0x00000000f5580000,0x00000000f5580000,0x00000000f9580000)
  from space 10752K, 0% used [0x00000000fa000000,0x00000000fa000000,0x00000000faa80000)
  to   space 10752K, 0% used [0x00000000f9580000,0x00000000f9580000,0x00000000fa000000)
 ParOldGen       total 175104K, used 9755K [0x00000000e0000000, 0x00000000eab00000, 0x00000000f5580000)
  object space 175104K, 5% used [0x00000000e0000000,0x00000000e0986e10,0x00000000eab00000)
 Metaspace       used 20337K, capacity 21094K, committed 21248K, reserved 1067008K
  class space    used 2998K, capacity 3207K, committed 3328K, reserved 1048576K
}

Deoptimization events (10 events):
Event: 2.439 Thread 0x0000000017fc7800 Uncommon trap: reason=predicate action=maybe_recompile pc=0x0000000003533bac method=java.util.AbstractCollection.toArray([Ljava/lang/Object;)[Ljava/lang/Object; @ 49
Event: 2.571 Thread 0x0000000017fc7800 Uncommon trap: reason=unstable_if action=reinterpret pc=0x00000000034cd884 method=java.util.HashMap.hash(Ljava/lang/Object;)I @ 1
Event: 2.586 Thread 0x0000000017fc7800 Uncommon trap: reason=array_check action=maybe_recompile pc=0x0000000003577188 method=java.util.AbstractCollection.toArray([Ljava/lang/Object;)[Ljava/lang/Object; @ 119
Event: 2.587 Thread 0x0000000017fc7800 Uncommon trap: reason=array_check action=maybe_recompile pc=0x0000000003577188 method=java.util.AbstractCollection.toArray([Ljava/lang/Object;)[Ljava/lang/Object; @ 119
Event: 2.588 Thread 0x0000000017fc7800 Uncommon trap: reason=array_check action=maybe_recompile pc=0x0000000003577188 method=java.util.AbstractCollection.toArray([Ljava/lang/Object;)[Ljava/lang/Object; @ 119
Event: 2.736 Thread 0x0000000017fc7800 Uncommon trap: reason=array_check action=maybe_recompile pc=0x0000000003577188 method=java.util.AbstractCollection.toArray([Ljava/lang/Object;)[Ljava/lang/Object; @ 119
Event: 2.883 Thread 0x0000000017fc7800 Uncommon trap: reason=unstable_if action=reinterpret pc=0x000000000339f748 method=java.net.URI.match(CJJ)Z @ 19
Event: 2.883 Thread 0x0000000017fc7800 Uncommon trap: reason=unstable_if action=reinterpret pc=0x0000000003296978 method=java.net.URI.match(CJJ)Z @ 19
Event: 2.883 Thread 0x0000000017fc7800 Uncommon trap: reason=unstable_if action=reinterpret pc=0x0000000003199b48 method=java.net.URI.match(CJJ)Z @ 19
Event: 3.101 Thread 0x0000000017fc7800 Uncommon trap: reason=predicate action=maybe_recompile pc=0x000000000363c170 method=com.google.common.base.CharMatcher.indexIn(Ljava/lang/CharSequence;I)I @ 22

Classes redefined (0 events):
No events

Internal exceptions (10 events):
Event: 1.855 Thread 0x0000000002fad800 Exception <a 'java/io/IOException'> (0x00000000f826d018) thrown at [C:\ade\jenkins\workspace\8-2-build-windows-amd64-cygwin\jdk8u241\331\hotspot\src\share\vm\prims\jni.cpp, line 710]
Event: 2.213 Thread 0x0000000017fc7800 Exception <a 'java/lang/NoSuchMethodError': java.lang.Object.lambda$static$0(Lorg/gradle/internal/state/ModelObject;)Ljava/lang/String;> (0x00000000f6280a28) thrown at [C:\ade\jenkins\workspace\8-2-build-windows-amd64-cygwin\jdk8u241\331\hotspot\src\share
Event: 2.527 Thread 0x0000000017fc7800 Exception <a 'java/lang/NoSuchMethodError': java.lang.Object.lambda$and$0(Ljava/util/function/Predicate;Ljava/lang/Object;)Z> (0x00000000f7f029f8) thrown at [C:\ade\jenkins\workspace\8-2-build-windows-amd64-cygwin\jdk8u241\331\hotspot\src\share\vm\interpr
Event: 2.534 Thread 0x0000000017fc7800 Exception <a 'java/lang/IncompatibleClassChangeError': Found class java.lang.Object, but interface was expected> (0x00000000f7f13018) thrown at [C:\ade\jenkins\workspace\8-2-build-windows-amd64-cygwin\jdk8u241\331\hotspot\src\share\vm\interpreter\linkReso
Event: 2.537 Thread 0x0000000017fc7800 Exception <a 'java/lang/NoSuchMethodError': java.lang.Object.lambda$or$2(Ljava/util/function/Predicate;Ljava/lang/Object;)Z> (0x00000000f7f17dc8) thrown at [C:\ade\jenkins\workspace\8-2-build-windows-amd64-cygwin\jdk8u241\331\hotspot\src\share\vm\interpre
Event: 2.571 Thread 0x0000000017fc7800 Implicit null exception at 0x00000000034cd31b to 0x00000000034cd871
Event: 2.587 Thread 0x0000000017fc7800 Exception <a 'java/lang/NoSuchMethodError': java.lang.Object.lambda$comparing$77a9974f$1(Ljava/util/function/Function;Ljava/lang/Object;Ljava/lang/Object;)I> (0x00000000f85b80c0) thrown at [C:\ade\jenkins\workspace\8-2-build-windows-amd64-cygwin\jdk8u241\
Event: 3.038 Thread 0x0000000017fc7800 Exception <a 'java/lang/NoSuchMethodError': java.lang.Object.lambda$static$0(Ljava/util/Collection;)V> (0x00000000f58202c0) thrown at [C:\ade\jenkins\workspace\8-2-build-windows-amd64-cygwin\jdk8u241\331\hotspot\src\share\vm\interpreter\linkResolver.cpp, 
Event: 3.059 Thread 0x0000000017fc7800 Exception <a 'java/lang/NoSuchMethodError': java.lang.Object.lambda$identity$2(Ljava/lang/Object;)Ljava/lang/Object;> (0x00000000f5a82818) thrown at [C:\ade\jenkins\workspace\8-2-build-windows-amd64-cygwin\jdk8u241\331\hotspot\src\share\vm\interpreter\lin
Event: 3.127 Thread 0x0000000017fc7800 Exception <a 'java/lang/NoSuchMethodError': java.lang.Object.lambda$static$0(Ljava/io/File;)V> (0x00000000f615b9d8) thrown at [C:\ade\jenkins\workspace\8-2-build-windows-amd64-cygwin\jdk8u241\331\hotspot\src\share\vm\interpreter\linkResolver.cpp, line 620

Events (10 events):
Event: 3.253 loading class org/gradle/api/artifacts/result/ComponentResult
Event: 3.253 loading class org/gradle/api/artifacts/result/ComponentResult done
Event: 3.254 loading class org/gradle/api/internal/artifacts/ivyservice/resolveengine/result/ComponentIdentifierSerializer
Event: 3.254 loading class org/gradle/api/internal/artifacts/ivyservice/resolveengine/result/ComponentIdentifierSerializer done
Event: 3.257 loading class org/gradle/api/internal/artifacts/ivyservice/resolveengine/result/BuildIdentifierSerializer
Event: 3.257 loading class org/gradle/api/internal/artifacts/ivyservice/resolveengine/result/BuildIdentifierSerializer done
Event: 3.258 loading class org/gradle/internal/resolve/caching/DesugaringAttributeContainerSerializer
Event: 3.258 loading class org/gradle/internal/resolve/caching/DesugaringAttributeContainerSerializer done
Event: 3.259 loading class org/gradle/api/internal/artifacts/ModuleVersionIdentifierSerializer
Event: 3.259 loading class org/gradle/api/internal/artifacts/ModuleVersionIdentifierSerializer done


Dynamic libraries:
0x00007ff70cf50000 - 0x00007ff70cf87000 	C:\Program Files\Java\jdk1.8.0_241\bin\java.exe
0x00007ffa578d0000 - 0x00007ffa57ae4000 	C:\WINDOWS\SYSTEM32\ntdll.dll
0x00007ffa56e70000 - 0x00007ffa56f33000 	C:\WINDOWS\System32\KERNEL32.DLL
0x00007ffa550d0000 - 0x00007ffa5546c000 	C:\WINDOWS\System32\KERNELBASE.dll
0x00007ffa571d0000 - 0x00007ffa5727e000 	C:\WINDOWS\System32\ADVAPI32.dll
0x00007ffa56440000 - 0x00007ffa564e7000 	C:\WINDOWS\System32\msvcrt.dll
0x00007ffa565b0000 - 0x00007ffa56654000 	C:\WINDOWS\System32\sechost.dll
0x00007ffa559d0000 - 0x00007ffa55ae5000 	C:\WINDOWS\System32\RPCRT4.dll
0x00007ffa56ae0000 - 0x00007ffa56c8d000 	C:\WINDOWS\System32\USER32.dll
0x00007ffa55510000 - 0x00007ffa55536000 	C:\WINDOWS\System32\win32u.dll
0x00007ffa57290000 - 0x00007ffa572b9000 	C:\WINDOWS\System32\GDI32.dll
0x00007ffa54f40000 - 0x00007ffa55052000 	C:\WINDOWS\System32\gdi32full.dll
0x00007ffa55470000 - 0x00007ffa5550a000 	C:\WINDOWS\System32\msvcp_win.dll
0x00007ffa55540000 - 0x00007ffa55651000 	C:\WINDOWS\System32\ucrtbase.dll
0x00007ffa53ee0000 - 0x00007ffa5416e000 	C:\WINDOWS\WinSxS\amd64_microsoft.windows.common-controls_6595b64144ccf1df_6.0.22621.608_none_a9444ca7c10bb01d\COMCTL32.dll
0x00007ffa56570000 - 0x00007ffa565a2000 	C:\WINDOWS\System32\IMM32.DLL
0x000000006dc90000 - 0x000000006dd62000 	C:\Program Files\Java\jdk1.8.0_241\jre\bin\msvcr100.dll
0x000000006d3e0000 - 0x000000006dc8c000 	C:\Program Files\Java\jdk1.8.0_241\jre\bin\server\jvm.dll
0x00007ffa55af0000 - 0x00007ffa55af8000 	C:\WINDOWS\System32\PSAPI.DLL
0x00007ffa4e7c0000 - 0x00007ffa4e7f4000 	C:\WINDOWS\SYSTEM32\WINMM.dll
0x00007ffa41c30000 - 0x00007ffa41c39000 	C:\WINDOWS\SYSTEM32\WSOCK32.dll
0x00007ffa4d520000 - 0x00007ffa4d52a000 	C:\WINDOWS\SYSTEM32\VERSION.dll
0x00007ffa55bd0000 - 0x00007ffa55c41000 	C:\WINDOWS\System32\WS2_32.dll
0x00007ffa4ff00000 - 0x00007ffa4ff0f000 	C:\Program Files\Java\jdk1.8.0_241\jre\bin\verify.dll
0x00007ffa381c0000 - 0x00007ffa381e9000 	C:\Program Files\Java\jdk1.8.0_241\jre\bin\java.dll
0x00007ffa4e900000 - 0x00007ffa4e916000 	C:\Program Files\Java\jdk1.8.0_241\jre\bin\zip.dll
0x00007ffa55c50000 - 0x00007ffa5643f000 	C:\WINDOWS\System32\SHELL32.dll
0x00007ffa52680000 - 0x00007ffa52f48000 	C:\WINDOWS\SYSTEM32\windows.storage.dll
0x00007ffa57370000 - 0x00007ffa576fa000 	C:\WINDOWS\System32\combase.dll
0x00007ffa52540000 - 0x00007ffa5267e000 	C:\WINDOWS\SYSTEM32\wintypes.dll
0x00007ffa56c90000 - 0x00007ffa56d81000 	C:\WINDOWS\System32\SHCORE.dll
0x00007ffa56510000 - 0x00007ffa5656e000 	C:\WINDOWS\System32\shlwapi.dll
0x00007ffa54c40000 - 0x00007ffa54c61000 	C:\WINDOWS\SYSTEM32\profapi.dll
0x00007ffa381a0000 - 0x00007ffa381ba000 	C:\Program Files\Java\jdk1.8.0_241\jre\bin\net.dll
0x00007ffa53b30000 - 0x00007ffa53b99000 	C:\WINDOWS\system32\mswsock.dll
0x00007ffa38180000 - 0x00007ffa38192000 	C:\Program Files\Java\jdk1.8.0_241\jre\bin\nio.dll
0x00007ffa45b40000 - 0x00007ffa45b67000 	C:\Users\admin\.gradle\native\68d5fa5c4cc2d200863cafc0d521ce42e7d3e7ee720ec0a83991735586a16f82\windows-amd64\native-platform.dll
0x00007ffa38030000 - 0x00007ffa38174000 	C:\Users\admin\.gradle\native\e376f236ea51e6404a007f0833ffe2c6e607c4080706a723a18a27aeea778392\windows-amd64\native-platform-file-events.dll
0x00007ffa45b30000 - 0x00007ffa45b3d000 	C:\Program Files\Java\jdk1.8.0_241\jre\bin\management.dll
0x00007ffa549a0000 - 0x00007ffa549bb000 	C:\WINDOWS\SYSTEM32\CRYPTSP.dll
0x00007ffa53690000 - 0x00007ffa536c5000 	C:\WINDOWS\system32\rsaenh.dll
0x00007ffa53de0000 - 0x00007ffa53e08000 	C:\WINDOWS\SYSTEM32\USERENV.dll
0x00007ffa545c0000 - 0x00007ffa545e8000 	C:\WINDOWS\SYSTEM32\bcrypt.dll
0x00007ffa55660000 - 0x00007ffa556db000 	C:\WINDOWS\System32\bcryptprimitives.dll
0x00007ffa53e10000 - 0x00007ffa53e1c000 	C:\WINDOWS\SYSTEM32\CRYPTBASE.dll
0x00007ffa53210000 - 0x00007ffa5323d000 	C:\WINDOWS\SYSTEM32\IPHLPAPI.DLL
0x00007ffa571c0000 - 0x00007ffa571c9000 	C:\WINDOWS\System32\NSI.dll
0x00007ffa4bb70000 - 0x00007ffa4bb89000 	C:\WINDOWS\SYSTEM32\dhcpcsvc6.DLL
0x00007ffa4bb50000 - 0x00007ffa4bb6f000 	C:\WINDOWS\SYSTEM32\dhcpcsvc.DLL
0x00007ffa53280000 - 0x00007ffa53373000 	C:\WINDOWS\SYSTEM32\DNSAPI.dll

VM Arguments:
jvm_args: -XX:MaxMetaspaceSize=256m -XX:+HeapDumpOnOutOfMemoryError -Xms256m -Xmx512m -Dfile.encoding=windows-1252 -Duser.country=US -Duser.language=en -Duser.variant 
java_command: org.gradle.launcher.daemon.bootstrap.GradleDaemon 7.6
java_class_path (initial): C:\Users\admin\.gradle\wrapper\dists\gradle-7.6-bin\9l9tetv7ltxvx3i8an4pb86ye\gradle-7.6\lib\gradle-launcher-7.6.jar
Launcher Type: SUN_STANDARD

Environment Variables:
PATH=C:\Program Files (x86)\Common Files\Oracle\Java\javapath;C:\WINDOWS\system32;C:\WINDOWS;C:\WINDOWS\System32\Wbem;C:\WINDOWS\System32\WindowsPowerShell\v1.0\;C:\WINDOWS\System32\OpenSSH\;C:\Program Files\Git\cmd;C:\Program Files\nodejs\;C:\Users\admin\AppData\Local\Programs\Python\Python37\Scripts\;C:\Users\admin\AppData\Local\Programs\Python\Python37\;C:\Users\admin\AppData\Local\Microsoft\WindowsApps;;C:\Users\admin\AppData\Local\Programs\Microsoft VS Code\bin;C:\Users\admin\AppData\Roaming\npm
USERNAME=admin
OS=Windows_NT
PROCESSOR_IDENTIFIER=AMD64 Family 23 Model 96 Stepping 1, AuthenticAMD



---------------  S Y S T E M  ---------------

OS: Windows 10.0 , 64 bit Build 22621 (10.0.22621.1194)

CPU:total 4 (initial active 4) (4 cores per cpu, 1 threads per core) family 23 model 96 stepping 1, cmov, cx8, fxsr, mmx, sse, sse2, sse3, ssse3, sse4.1, sse4.2, popcnt, avx, avx2, aes, clmul, mmxext, 3dnowpref, lzcnt, sse4a, tsc, tscinvbit, tscinv, bmi1

Memory: 4k page, physical 7781956k(266972k free), swap 11976260k(4752k free)

vm_info: Java HotSpot(TM) 64-Bit Server VM (25.241-b07) for windows-amd64 JRE (1.8.0_241-b07), built on Dec 11 2019 10:21:40 by "rejava" with MS VC++ 10.0 (VS2010)

time: Fri Feb 17 17:28:36 2023
timezone: SE Asia Standard Time
elapsed time: 3 seconds (0d 0h 0m 3s)

